ď»ż
> truevow-cs-support-service@0.1.0 build
> next build

  Î“Ă»â–“ Next.js 14.2.35
  - Environments: .env.local

   Creating an optimized production build ...
   Disabled SWC as replacement for Babel because of custom Babel configuration "babel.config.js" https://nextjs.org/docs/messages/swc-disabled
   Using external babel configuration from C:\Users\yasha\OneDrive\Documents\TrueVow\Cursor\TrueVow_Customer_Success_CORE_Service\babel.config.js
   Disabled SWC as replacement for Babel because of custom Babel configuration "babel.config.js" https://nextjs.org/docs/messages/swc-disabled
   Disabled SWC as replacement for Babel because of custom Babel configuration "babel.config.js" https://nextjs.org/docs/messages/swc-disabled
 Î“ÂŁĂ´ Compiled successfully
   Linting and checking validity of types ...

./components/analytics/Dashboard.tsx
111:6  Warning: React Hook useEffect has a missing dependency: 'fetchMetrics'. Either include it or remove the dependency array.  react-hooks/exhaustive-deps

./components/command-palette/CommandPalette.tsx
143:6  Warning: React Hook useEffect has a missing dependency: 'handleCommandSelect'. Either include it or remove the dependency array.  react-hooks/exhaustive-deps

./components/cs-support/calls/CallHistoryDashboard.tsx
121:6  Warning: React Hook useEffect has missing dependencies: 'fetchCalls' and 'fetchStats'. Either include them or remove the dependency array.  react-hooks/exhaustive-deps

./components/cs-support/journey/CustomerJourneyTracking.tsx
84:6  Warning: React Hook useEffect has a missing dependency: 'fetchCustomerJourney'. Either include it or remove the dependency array.  react-hooks/exhaustive-deps

./components/cs-support/training/TrainingManagementDashboard.tsx
117:6  Warning: React Hook useEffect has a missing dependency: 'fetchTrainingData'. Either include it or remove the dependency array.  react-hooks/exhaustive-deps

./components/health/HealthScore.tsx
58:6  Warning: React Hook useEffect has a missing dependency: 'fetchHealthScore'. Either include it or remove the dependency array.  react-hooks/exhaustive-deps

info  - Need to disable some ESLint rules? Learn more here: https://nextjs.org/docs/basic-features/eslint#disabling-rules
node.exe : Failed to compile.
At C:\Program Files\nodejs\npm.ps1:29 char:3
+   & $NODE_EXE $NPM_CLI_JS $args
+   ~~~~~~~~~~~~~~~~~~~~~~~~~~~~~
    + CategoryInfo          : NotSpecified: (Failed to compile.:String) [], 
    RemoteException
    + FullyQualifiedErrorId : NativeCommandError
 

./app/layout.tsx:18:7
Type error: Type '{ children: Element; publishableKey: string | undefined; 
secretKey: string | undefined; }' is not assignable to type 
'IntrinsicAttributes & Without<NextClerkProviderProps, 
"__unstable_invokeMiddlewareOnAuthStateChange">'.
  Property 'secretKey' does not exist on type 'IntrinsicAttributes & 
Without<NextClerkProviderProps, 
"__unstable_invokeMiddlewareOnAuthStateChange">'.

[0m [90m 16 |[39m     [33m<[39m[33mClerkProvider[39m [0m
[0m [90m 17 |[39m       publishableKey[33m=[39m{process[33m.[39menv[
33m.[39m[33mNEXT_PUBLIC_CLERK_PUBLISHABLE_KEY[39m}[0m
[0m[31m[1m>[22m[39m[90m 18 |[39m       secretKey[33m=[39m{process[
33m.[39menv[33m.[39m[33mCLERK_SECRET_KEY[39m}[0m
[0m [90m    |[39m       [31m[1m^[22m[39m[0m
[0m [90m 19 |[39m     [33m>[39m[0m
[0m [90m 20 |[39m       [33m<[39m[33mhtml[39m 
lang[33m=[39m[32m"en"[39m[33m>[39m[0m
[0m [90m 21 |[39m         [33m<[39m[33mbody[39m className[33m=[39m
[32m"font-sans"[39m[33m>[39m{children}[33m<[39m[33m/[39m[33mbody[39
m[33m>[39m[0m
Next.js build worker exited with code: 1 and signal: null
