
> truevow-cs-support-service@0.1.0 build
> next build

  Γû▓ Next.js 14.2.35
  - Environments: .env.local

   Creating an optimized production build ...
   Disabled SWC as replacement for Babel because of custom Babel configuration "babel.config.js" https://nextjs.org/docs/messages/swc-disabled
   Disabled SWC as replacement for Babel because of custom Babel configuration "babel.config.js" https://nextjs.org/docs/messages/swc-disabled
   Disabled SWC as replacement for Babel because of custom Babel configuration "babel.config.js" https://nextjs.org/docs/messages/swc-disabled
 Γ£ô Compiled successfully
   Linting and checking validity of types ...

./components/analytics/Dashboard.tsx
111:6  Warning: React Hook useEffect has a missing dependency: 'fetchMetrics'. Either include it or remove the dependency array.  react-hooks/exhaustive-deps

./components/command-palette/CommandPalette.tsx
143:6  Warning: React Hook useEffect has a missing dependency: 'handleCommandSelect'. Either include it or remove the dependency array.  react-hooks/exhaustive-deps

./components/cs-support/calls/CallHistoryDashboard.tsx
121:6  Warning: React Hook useEffect has missing dependencies: 'fetchCalls' and 'fetchStats'. Either include them or remove the dependency array.  react-hooks/exhaustive-deps

./components/cs-support/journey/CustomerJourneyTracking.tsx
84:6  Warning: React Hook useEffect has a missing dependency: 'fetchCustomerJourney'. Either include it or remove the dependency array.  react-hooks/exhaustive-deps

./components/cs-support/training/TrainingManagementDashboard.tsx
117:6  Warning: React Hook useEffect has a missing dependency: 'fetchTrainingData'. Either include it or remove the dependency array.  react-hooks/exhaustive-deps

./components/health/HealthScore.tsx
58:6  Warning: React Hook useEffect has a missing dependency: 'fetchHealthScore'. Either include it or remove the dependency array.  react-hooks/exhaustive-deps

info  - Need to disable some ESLint rules? Learn more here: https://nextjs.org/docs/basic-features/eslint#disabling-rules
node.exe : Failed to compile.
At C:\Program Files\nodejs\npm.ps1:29 char:3
+   & $NODE_EXE $NPM_CLI_JS $args
+   ~~~~~~~~~~~~~~~~~~~~~~~~~~~~~
    + CategoryInfo          : NotSpecified: (Failed to compile.:String) [], 
    RemoteException
    + FullyQualifiedErrorId : NativeCommandError
 

./components/cs-support/dashboard/OnboardingDashboard.tsx:677:22
Type error: Cannot find name 'milestone'.

[0m [90m 675 |[39m                   [33m<[39m[33mp[39m 
className[33m=[39m[32m"font-medium text-gray-900"[39m[33m>[39m{custome
r[33m.[39mcustomer_email}[33m<[39m[33m/[39m[33mp[39m[33m>[39m[0m
[0m [90m 676 |[39m                   [33m<[39m[33mp[39m 
className[33m=[39m[32m"mt-1 text-sm text-gray-500"[39m[33m>[39m[0m
[0m[31m[1m>[22m[39m[90m 677 |[39m                     
{milestone[33m.[39mcompleted_count} completed[0m
[0m [90m     |[39m                      [31m[1m^[22m[39m[0m
[0m [90m 678 |[39m                     
{milestone[33m.[39maverage_completion_days [33m>[39m [35m0[39m 
[33m&&[39m ([0m
[0m [90m 679 |[39m                       
[33m<[39m[33mspan[39m[33m>[39m ΓÇó [33mAvg[39m 
{milestone[33m.[39maverage_completion_days} 
days[33m<[39m[33m/[39m[33mspan[39m[33m>[39m[0m
[0m [90m 680 |[39m                     )}[0m
Next.js build worker exited with code: 1 and signal: null
