
> truevow-cs-support-service@0.1.0 build
> next build

  Γû▓ Next.js 14.2.35
  - Environments: .env.local

   Creating an optimized production build ...
   Disabled SWC as replacement for Babel because of custom Babel configuration "babel.config.js" https://nextjs.org/docs/messages/swc-disabled
   Disabled SWC as replacement for Babel because of custom Babel configuration "babel.config.js" https://nextjs.org/docs/messages/swc-disabled
   Disabled SWC as replacement for Babel because of custom Babel configuration "babel.config.js" https://nextjs.org/docs/messages/swc-disabled
 Γ£ô Compiled successfully
   Linting and checking validity of types ...

./components/analytics/Dashboard.tsx
111:6  Warning: React Hook useEffect has a missing dependency: 'fetchMetrics'. Either include it or remove the dependency array.  react-hooks/exhaustive-deps

./components/command-palette/CommandPalette.tsx
143:6  Warning: React Hook useEffect has a missing dependency: 'handleCommandSelect'. Either include it or remove the dependency array.  react-hooks/exhaustive-deps

./components/cs-support/calls/CallHistoryDashboard.tsx
121:6  Warning: React Hook useEffect has missing dependencies: 'fetchCalls' and 'fetchStats'. Either include them or remove the dependency array.  react-hooks/exhaustive-deps

./components/cs-support/journey/CustomerJourneyTracking.tsx
84:6  Warning: React Hook useEffect has a missing dependency: 'fetchCustomerJourney'. Either include it or remove the dependency array.  react-hooks/exhaustive-deps

./components/cs-support/training/TrainingManagementDashboard.tsx
117:6  Warning: React Hook useEffect has a missing dependency: 'fetchTrainingData'. Either include it or remove the dependency array.  react-hooks/exhaustive-deps

./components/health/HealthScore.tsx
58:6  Warning: React Hook useEffect has a missing dependency: 'fetchHealthScore'. Either include it or remove the dependency array.  react-hooks/exhaustive-deps

info  - Need to disable some ESLint rules? Learn more here: https://nextjs.org/docs/basic-features/eslint#disabling-rules
node.exe : Failed to compile.
At C:\Program Files\nodejs\npm.ps1:29 char:3
+   & $NODE_EXE $NPM_CLI_JS $args
+   ~~~~~~~~~~~~~~~~~~~~~~~~~~~~~
    + CategoryInfo          : NotSpecified: (Failed to compile.:String) [], 
    RemoteException
    + FullyQualifiedErrorId : NativeCommandError
 

./components/shared/DataTable.tsx:131:19
Type error: Type '{ children: Element; key: string; className: string; 
onClick: () => false | void | undefined; }' is not assignable to type 
'IntrinsicAttributes & TableHeadProps'.
  Property 'onClick' does not exist on type 'IntrinsicAttributes & 
TableHeadProps'.

[0m [90m 129 |[39m                   
key[33m=[39m{[33mString[39m(column[33m.[39mkey)}[0m
[0m [90m 130 |[39m                   
className[33m=[39m{cn(column[33m.[39msortable [33m&&[39m 
[32m'cursor-pointer select-none'[39m)}[0m
[0m[31m[1m>[22m[39m[90m 131 |[39m                   
onClick[33m=[39m{() [33m=>[39m column[33m.[39msortable [33m&&[39m 
handleSort(column[33m.[39mkey)}[0m
[0m [90m     |[39m                   [31m[1m^[22m[39m[0m
[0m [90m 132 |[39m                 [33m>[39m[0m
[0m [90m 133 |[39m                   [33m<[39m[33mdiv[39m 
className[33m=[39m[32m"flex items-center gap-2"[39m[33m>[39m[0m
[0m [90m 134 |[39m                     [33m<[39m[33mspan[39m[33m>[3
9m{column[33m.[39mlabel}[33m<[39m[33m/[39m[33mspan[39m[33m>[39m[0
m
Next.js build worker exited with code: 1 and signal: null
