
> truevow-cs-support-service@0.1.0 build
> next build

  Γû▓ Next.js 14.2.35
  - Environments: .env.local

   Creating an optimized production build ...
   Disabled SWC as replacement for Babel because of custom Babel configuration "babel.config.js" https://nextjs.org/docs/messages/swc-disabled
   Disabled SWC as replacement for Babel because of custom Babel configuration "babel.config.js" https://nextjs.org/docs/messages/swc-disabled
   Disabled SWC as replacement for Babel because of custom Babel configuration "babel.config.js" https://nextjs.org/docs/messages/swc-disabled
 Γ£ô Compiled successfully
   Linting and checking validity of types ...

./components/analytics/Dashboard.tsx
111:6  Warning: React Hook useEffect has a missing dependency: 'fetchMetrics'. Either include it or remove the dependency array.  react-hooks/exhaustive-deps

./components/command-palette/CommandPalette.tsx
143:6  Warning: React Hook useEffect has a missing dependency: 'handleCommandSelect'. Either include it or remove the dependency array.  react-hooks/exhaustive-deps

./components/cs-support/calls/CallHistoryDashboard.tsx
121:6  Warning: React Hook useEffect has missing dependencies: 'fetchCalls' and 'fetchStats'. Either include them or remove the dependency array.  react-hooks/exhaustive-deps

./components/cs-support/journey/CustomerJourneyTracking.tsx
84:6  Warning: React Hook useEffect has a missing dependency: 'fetchCustomerJourney'. Either include it or remove the dependency array.  react-hooks/exhaustive-deps

./components/cs-support/training/TrainingManagementDashboard.tsx
117:6  Warning: React Hook useEffect has a missing dependency: 'fetchTrainingData'. Either include it or remove the dependency array.  react-hooks/exhaustive-deps

./components/health/HealthScore.tsx
58:6  Warning: React Hook useEffect has a missing dependency: 'fetchHealthScore'. Either include it or remove the dependency array.  react-hooks/exhaustive-deps

info  - Need to disable some ESLint rules? Learn more here: https://nextjs.org/docs/basic-features/eslint#disabling-rules
node.exe : Failed to compile.
At C:\Program Files\nodejs\npm.ps1:29 char:3
+   & $NODE_EXE $NPM_CLI_JS $args
+   ~~~~~~~~~~~~~~~~~~~~~~~~~~~~~
    + CategoryInfo          : NotSpecified: (Failed to compile.:String) [], 
    RemoteException
    + FullyQualifiedErrorId : NativeCommandError
 

./components/cs-support/training/TrainingManagementDashboard.tsx:449:32
Type error: Type '"secondary"' is not assignable to type '"default" | 
"success" | "warning" | "danger" | "info" | undefined'.

[0m [90m 447 |[39m                       ))}[0m
[0m [90m 448 |[39m                       
{program[33m.[39mlearning_objectives[33m.[39mlength [33m>[39m 
[35m2[39m [33m&&[39m ([0m
[0m[31m[1m>[22m[39m[90m 449 |[39m                         
[33m<[39m[33mBadge[39m variant[33m=[39m[32m"secondary"[39m 
className[33m=[39m[32m"text-xs"[39m[33m>[39m[0m
[0m [90m     |[39m                                
[31m[1m^[22m[39m[0m
[0m [90m 450 |[39m                           
[33m+[39m{program[33m.[39mlearning_objectives[33m.[39mlength 
[33m-[39m [35m2[39m} more[0m
[0m [90m 451 |[39m                         
[33m<[39m[33m/[39m[33mBadge[39m[33m>[39m[0m
[0m [90m 452 |[39m                       )}[0m
Next.js build worker exited with code: 1 and signal: null
