
> truevow-cs-support-service@0.1.0 build
> next build

  Γû▓ Next.js 14.2.35
  - Environments: .env.local

   Creating an optimized production build ...
   Disabled SWC as replacement for Babel because of custom Babel configuration "babel.config.js" https://nextjs.org/docs/messages/swc-disabled
   Using external babel configuration from C:\Users\yasha\OneDrive\Documents\TrueVow\Cursor\TrueVow_Customer_Success_CORE_Service\babel.config.js
   Disabled SWC as replacement for Babel because of custom Babel configuration "babel.config.js" https://nextjs.org/docs/messages/swc-disabled
   Disabled SWC as replacement for Babel because of custom Babel configuration "babel.config.js" https://nextjs.org/docs/messages/swc-disabled
 Γ£ô Compiled successfully
   Linting and checking validity of types ...

./components/analytics/Dashboard.tsx
111:6  Warning: React Hook useEffect has a missing dependency: 'fetchMetrics'. Either include it or remove the dependency array.  react-hooks/exhaustive-deps

./components/command-palette/CommandPalette.tsx
143:6  Warning: React Hook useEffect has a missing dependency: 'handleCommandSelect'. Either include it or remove the dependency array.  react-hooks/exhaustive-deps

./components/cs-support/calls/CallHistoryDashboard.tsx
121:6  Warning: React Hook useEffect has missing dependencies: 'fetchCalls' and 'fetchStats'. Either include them or remove the dependency array.  react-hooks/exhaustive-deps

./components/cs-support/journey/CustomerJourneyTracking.tsx
84:6  Warning: React Hook useEffect has a missing dependency: 'fetchCustomerJourney'. Either include it or remove the dependency array.  react-hooks/exhaustive-deps

./components/cs-support/training/TrainingManagementDashboard.tsx
117:6  Warning: React Hook useEffect has a missing dependency: 'fetchTrainingData'. Either include it or remove the dependency array.  react-hooks/exhaustive-deps

./components/health/HealthScore.tsx
58:6  Warning: React Hook useEffect has a missing dependency: 'fetchHealthScore'. Either include it or remove the dependency array.  react-hooks/exhaustive-deps

info  - Need to disable some ESLint rules? Learn more here: https://nextjs.org/docs/basic-features/eslint#disabling-rules
node.exe : Failed to compile.
At C:\Program Files\nodejs\npm.ps1:29 char:3
+   & $NODE_EXE $NPM_CLI_JS $args
+   ~~~~~~~~~~~~~~~~~~~~~~~~~~~~~
    + CategoryInfo          : NotSpecified: (Failed to compile.:String) [], 
    RemoteException
    + FullyQualifiedErrorId : NativeCommandError
 

./app/api/v1/workflows/route.ts:38:17
Type error: Property 'tenantId' does not exist on type 'AuthContext'.

[0m [90m 36 |[39m     }[0m
[0m [90m 37 |[39m[0m
[0m[31m[1m>[22m[39m[90m 38 |[39m     [36mif[39m 
(context[33m.[39mtenantId) {[0m
[0m [90m    |[39m                 [31m[1m^[22m[39m[0m
[0m [90m 39 |[39m       query [33m=[39m query[33m.[39mor([32m`tenant
_id.is.null,tenant_id.eq.${context.tenantId}`[39m)[0m
[0m [90m 40 |[39m     } [36melse[39m {[0m
[0m [90m 41 |[39m       query [33m=[39m 
query[33m.[39mis([32m'tenant_id'[39m[33m,[39m [36mnull[39m)[0m
Next.js build worker exited with code: 1 and signal: null
