ď»ż
> truevow-cs-support-service@0.1.0 build
> next build

  Î“Ă»â–“ Next.js 14.2.35
  - Environments: .env.local

   Creating an optimized production build ...
   Disabled SWC as replacement for Babel because of custom Babel configuration "babel.config.js" https://nextjs.org/docs/messages/swc-disabled
   Disabled SWC as replacement for Babel because of custom Babel configuration "babel.config.js" https://nextjs.org/docs/messages/swc-disabled
   Disabled SWC as replacement for Babel because of custom Babel configuration "babel.config.js" https://nextjs.org/docs/messages/swc-disabled
 Î“ÂŁĂ´ Compiled successfully
   Linting and checking validity of types ...

./components/analytics/Dashboard.tsx
111:6  Warning: React Hook useEffect has a missing dependency: 'fetchMetrics'. Either include it or remove the dependency array.  react-hooks/exhaustive-deps

./components/command-palette/CommandPalette.tsx
143:6  Warning: React Hook useEffect has a missing dependency: 'handleCommandSelect'. Either include it or remove the dependency array.  react-hooks/exhaustive-deps

./components/cs-support/calls/CallHistoryDashboard.tsx
121:6  Warning: React Hook useEffect has missing dependencies: 'fetchCalls' and 'fetchStats'. Either include them or remove the dependency array.  react-hooks/exhaustive-deps

./components/cs-support/journey/CustomerJourneyTracking.tsx
84:6  Warning: React Hook useEffect has a missing dependency: 'fetchCustomerJourney'. Either include it or remove the dependency array.  react-hooks/exhaustive-deps

./components/cs-support/training/TrainingManagementDashboard.tsx
117:6  Warning: React Hook useEffect has a missing dependency: 'fetchTrainingData'. Either include it or remove the dependency array.  react-hooks/exhaustive-deps

./components/health/HealthScore.tsx
58:6  Warning: React Hook useEffect has a missing dependency: 'fetchHealthScore'. Either include it or remove the dependency array.  react-hooks/exhaustive-deps

info  - Need to disable some ESLint rules? Learn more here: https://nextjs.org/docs/basic-features/eslint#disabling-rules
node.exe : Failed to compile.
At C:\Program Files\nodejs\npm.ps1:29 char:3
+   & $NODE_EXE $NPM_CLI_JS $args
+   ~~~~~~~~~~~~~~~~~~~~~~~~~~~~~
    + CategoryInfo          : NotSpecified: (Failed to compile.:String) [], 
    RemoteException
    + FullyQualifiedErrorId : NativeCommandError
 

./components/cs-support/dashboard/OnboardingDashboard.tsx:181:29
Type error: Property 'active_customers' does not exist on type 
'OnboardingDashboardData'.

[0m [90m 179 |[39m     [36mif[39m ([33m![39mdata) [36mreturn[39m 
[][0m
[0m [90m 180 |[39m[0m
[0m[31m[1m>[22m[39m[90m 181 |[39m     [36mconst[39m active 
[33m=[39m [[33m...[39mdata[33m.[39mactive_customers[33m,[39m 
[33m...[39mdata[33m.[39mat_risk_customers][0m
[0m [90m     |[39m                             [31m[1m^[22m[39m[0m
[0m [90m 182 |[39m     [36mconst[39m high [33m=[39m 
active[33m.[39mfilter((c) [33m=>[39m c[33m.[39mhealth_score 
[33m!==[39m [36mnull[39m [33m&&[39m c[33m.[39mhealth_score 
[33m>=[39m [35m80[39m)[33m.[39mlength[0m
[0m [90m 183 |[39m     [36mconst[39m medium [33m=[39m 
active[33m.[39mfilter([0m
[0m [90m 184 |[39m       (c) [33m=>[39m c[33m.[39mhealth_score 
[33m!==[39m [36mnull[39m [33m&&[39m c[33m.[39mhealth_score 
[33m>=[39m [35m60[39m [33m&&[39m c[33m.[39mhealth_score [33m<[39m 
[35m80[39m[0m
Next.js build worker exited with code: 1 and signal: null
