
> truevow-cs-support-service@0.1.0 build
> next build

  Γû▓ Next.js 14.2.35
  - Environments: .env.local

   Creating an optimized production build ...
   Disabled SWC as replacement for Babel because of custom Babel configuration "babel.config.js" https://nextjs.org/docs/messages/swc-disabled
   Using external babel configuration from C:\Users\yasha\OneDrive\Documents\TrueVow\Cursor\TrueVow_Customer_Success_CORE_Service\babel.config.js
node.exe :  ΓÜá Compiled with warnings
At C:\Program Files\nodejs\npm.ps1:29 char:3
+   & $NODE_EXE $NPM_CLI_JS $args
+   ~~~~~~~~~~~~~~~~~~~~~~~~~~~~~
    + CategoryInfo          : NotSpecified: ( ΓÜá Compiled with warnings:St 
   ring) [], RemoteException
    + FullyQualifiedErrorId : NativeCommandError
 

./app/api/v1/tickets/route.ts
Attempted import error: 'auth' is not exported from '@clerk/nextjs' 
(imported as 'auth').

Import trace for requested module:
./app/api/v1/tickets/route.ts

./app/api/v1/tickets/route.ts
Attempted import error: 'auth' is not exported from '@clerk/nextjs' 
(imported as 'auth').

Import trace for requested module:
./app/api/v1/tickets/route.ts

   Disabled SWC as replacement for Babel because of custom Babel configuration "babel.config.js" https://nextjs.org/docs/messages/swc-disabled
   Using external babel configuration from C:\Users\yasha\OneDrive\Documents\TrueVow\Cursor\TrueVow_Customer_Success_CORE_Service\babel.config.js
<w> [webpack.cache.PackFileCacheStrategy] Serializing big strings (186kiB) 
impacts deserialization performance (consider using Buffer instead and 
decode when needed)
   Disabled SWC as replacement for Babel because of custom Babel configuration "babel.config.js" https://nextjs.org/docs/messages/swc-disabled
   Using external babel configuration from C:\Users\yasha\OneDrive\Documents\TrueVow\Cursor\TrueVow_Customer_Success_CORE_Service\babel.config.js
 Γ£ô Compiled successfully
   Linting and checking validity of types ...

./components/analytics/Dashboard.tsx
111:6  Warning: React Hook useEffect has a missing dependency: 'fetchMetrics'. Either include it or remove the dependency array.  react-hooks/exhaustive-deps

./components/command-palette/CommandPalette.tsx
143:6  Warning: React Hook useEffect has a missing dependency: 'handleCommandSelect'. Either include it or remove the dependency array.  react-hooks/exhaustive-deps

./components/cs-support/calls/CallHistoryDashboard.tsx
121:6  Warning: React Hook useEffect has missing dependencies: 'fetchCalls' and 'fetchStats'. Either include them or remove the dependency array.  react-hooks/exhaustive-deps

./components/cs-support/journey/CustomerJourneyTracking.tsx
84:6  Warning: React Hook useEffect has a missing dependency: 'fetchCustomerJourney'. Either include it or remove the dependency array.  react-hooks/exhaustive-deps

./components/cs-support/training/TrainingManagementDashboard.tsx
117:6  Warning: React Hook useEffect has a missing dependency: 'fetchTrainingData'. Either include it or remove the dependency array.  react-hooks/exhaustive-deps

./components/health/HealthScore.tsx
58:6  Warning: React Hook useEffect has a missing dependency: 'fetchHealthScore'. Either include it or remove the dependency array.  react-hooks/exhaustive-deps

info  - Need to disable some ESLint rules? Learn more here: https://nextjs.org/docs/basic-features/eslint#disabling-rules
Failed to compile.

./app/(dashboard)/knowledge-base/[id]/edit/page.tsx:17:26
Type error: Type '{ params: Promise<{ id: string; }>; }' is not assignable 
to type 'IntrinsicAttributes'.
  Property 'params' does not exist on type 'IntrinsicAttributes'.

[0m [90m 15 |[39m[0m
[0m [90m 16 |[39m       [33m<[39m[33mSuspense[39m 
fallback[33m=[39m{[33m<[39m[33mLoading[39m 
[33m/[39m[33m>[39m}[33m>[39m[0m
[0m[31m[1m>[22m[39m[90m 17 |[39m         
[33m<[39m[33mKBArticleEditor[39m params[33m=[39m{params} 
[33m/[39m[33m>[39m[0m
[0m [90m    |[39m                          [31m[1m^[22m[39m[0m
[0m [90m 18 |[39m       
[33m<[39m[33m/[39m[33mSuspense[39m[33m>[39m[0m
[0m [90m 19 |[39m     [33m<[39m[33m/[39m[33mdiv[39m[33m>[39m[0m
[0m [90m 20 |[39m   )[0m
Next.js build worker exited with code: 1 and signal: null
