
> truevow-cs-support-service@0.1.0 build
> next build

  Γû▓ Next.js 14.2.35
  - Environments: .env.local

   Creating an optimized production build ...
   Disabled SWC as replacement for Babel because of custom Babel configuration "babel.config.js" https://nextjs.org/docs/messages/swc-disabled
   Using external babel configuration from C:\Users\yasha\OneDrive\Documents\TrueVow\Cursor\TrueVow_Customer_Success_CORE_Service\babel.config.js
   Disabled SWC as replacement for Babel because of custom Babel configuration "babel.config.js" https://nextjs.org/docs/messages/swc-disabled
   Disabled SWC as replacement for Babel because of custom Babel configuration "babel.config.js" https://nextjs.org/docs/messages/swc-disabled
 Γ£ô Compiled successfully
   Linting and checking validity of types ...

./components/analytics/Dashboard.tsx
111:6  Warning: React Hook useEffect has a missing dependency: 'fetchMetrics'. Either include it or remove the dependency array.  react-hooks/exhaustive-deps

./components/command-palette/CommandPalette.tsx
143:6  Warning: React Hook useEffect has a missing dependency: 'handleCommandSelect'. Either include it or remove the dependency array.  react-hooks/exhaustive-deps

./components/cs-support/calls/CallHistoryDashboard.tsx
121:6  Warning: React Hook useEffect has missing dependencies: 'fetchCalls' and 'fetchStats'. Either include them or remove the dependency array.  react-hooks/exhaustive-deps

./components/cs-support/journey/CustomerJourneyTracking.tsx
84:6  Warning: React Hook useEffect has a missing dependency: 'fetchCustomerJourney'. Either include it or remove the dependency array.  react-hooks/exhaustive-deps

./components/cs-support/training/TrainingManagementDashboard.tsx
117:6  Warning: React Hook useEffect has a missing dependency: 'fetchTrainingData'. Either include it or remove the dependency array.  react-hooks/exhaustive-deps

./components/health/HealthScore.tsx
58:6  Warning: React Hook useEffect has a missing dependency: 'fetchHealthScore'. Either include it or remove the dependency array.  react-hooks/exhaustive-deps

info  - Need to disable some ESLint rules? Learn more here: https://nextjs.org/docs/basic-features/eslint#disabling-rules
node.exe : Failed to compile.
At C:\Program Files\nodejs\npm.ps1:29 char:3
+   & $NODE_EXE $NPM_CLI_JS $args
+   ~~~~~~~~~~~~~~~~~~~~~~~~~~~~~
    + CategoryInfo          : NotSpecified: (Failed to compile.:String) [], 
    RemoteException
    + FullyQualifiedErrorId : NativeCommandError
 

./lib/services/email-templates.ts:453:19
Type error: Conversion of type 'string | number | boolean | null | 
undefined' to type 'any[]' may be a mistake because neither type 
sufficiently overlaps with the other. If this was intentional, convert the 
expression to 'unknown' first.
  Type 'boolean' is not comparable to type 'any[]'.

[0m [90m 451 |[39m   [90m// Handle loops {{#each 
array}}...{{/each}}[39m[0m
[0m [90m 452 |[39m   result [33m=[39m 
result[33m.[39mreplace([35m/{{#each 
(.*?)}}([\s\S]*?){{\/each}}/g[39m[33m,[39m (match[33m,[39m 
arrayName[33m,[39m content) [33m=>[39m {[0m
[0m[31m[1m>[22m[39m[90m 453 |[39m     [36mconst[39m array 
[33m=[39m variables[arrayName] [36mas[39m any[][0m
[0m [90m     |[39m                   [31m[1m^[22m[39m[0m
[0m [90m 454 |[39m     [36mif[39m 
([33mArray[39m[33m.[39misArray(array)) {[0m
[0m [90m 455 |[39m       [36mreturn[39m array[33m.[39mmap(item 
[33m=>[39m {[0m
[0m [90m 456 |[39m         [36mlet[39m itemContent [33m=[39m 
content[0m
Next.js build worker exited with code: 1 and signal: null
