
Name                                           
----                                           
.cursor                                        
.next                                          
.qoder                                         
.swc                                           
app                                            
components                                     
database                                       
docs                                           
hooks                                          
lib                                            
logs                                           
node_modules                                   
scripts                                        
types                                          
__tests__                                      
.env.backup                                    
.env.local                                     
.eslintrc.json                                 
.gitignore                                     
.prettierrc                                    
2025-TrueVow-SaaS-Administration.code-workspace
AUTOMATED_TEST_REPORT.md                       
babel.config.js                                
COMPREHENSIVE_TEST_REPORT.md                   
CS_SUPPORT_SERVICE_IMPLEMENTATION_PLAN.docx    
CS_SUPPORT_SERVICE_PRD.docx                    
FINAL_TEST_REPORT.md                           
IMPLEMENTATION_UPDATE_SUMMARY.docx             
jest.config.js                                 
jest.setup.js                                  
middleware.ts                                  
next-env.d.ts                                  
next.config.js                                 
package-lock.json                              
package.json                                   
postcss.config.js                              
PRD_UPDATE_NEW_FEATURES.docx                   
README.md                                      
tailwind.config.ts                             
test-report-20260115-040234.txt                
TESTING_INSTRUCTIONS.md                        
TEST_REPORT_SUMMARY.md                         
test_security.txt                              
TEST_STATUS_REPORT.txt                         
tsconfig.json                                  
tsconfig.tsbuildinfo                           


