ď»ż
> truevow-cs-support-service@0.1.0 build
> next build

  Î“Ă»â–“ Next.js 14.2.35
  - Environments: .env.local

   Creating an optimized production build ...
   Disabled SWC as replacement for Babel because of custom Babel configuration "babel.config.js" https://nextjs.org/docs/messages/swc-disabled
   Using external babel configuration from C:\Users\yasha\OneDrive\Documents\TrueVow\Cursor\TrueVow_Customer_Success_CORE_Service\babel.config.js
   Disabled SWC as replacement for Babel because of custom Babel configuration "babel.config.js" https://nextjs.org/docs/messages/swc-disabled
   Disabled SWC as replacement for Babel because of custom Babel configuration "babel.config.js" https://nextjs.org/docs/messages/swc-disabled
 Î“ÂŁĂ´ Compiled successfully
   Linting and checking validity of types ...

./components/analytics/Dashboard.tsx
111:6  Warning: React Hook useEffect has a missing dependency: 'fetchMetrics'. Either include it or remove the dependency array.  react-hooks/exhaustive-deps

./components/command-palette/CommandPalette.tsx
143:6  Warning: React Hook useEffect has a missing dependency: 'handleCommandSelect'. Either include it or remove the dependency array.  react-hooks/exhaustive-deps

./components/cs-support/calls/CallHistoryDashboard.tsx
121:6  Warning: React Hook useEffect has missing dependencies: 'fetchCalls' and 'fetchStats'. Either include them or remove the dependency array.  react-hooks/exhaustive-deps

./components/cs-support/journey/CustomerJourneyTracking.tsx
84:6  Warning: React Hook useEffect has a missing dependency: 'fetchCustomerJourney'. Either include it or remove the dependency array.  react-hooks/exhaustive-deps

./components/cs-support/training/TrainingManagementDashboard.tsx
117:6  Warning: React Hook useEffect has a missing dependency: 'fetchTrainingData'. Either include it or remove the dependency array.  react-hooks/exhaustive-deps

./components/health/HealthScore.tsx
58:6  Warning: React Hook useEffect has a missing dependency: 'fetchHealthScore'. Either include it or remove the dependency array.  react-hooks/exhaustive-deps

info  - Need to disable some ESLint rules? Learn more here: https://nextjs.org/docs/basic-features/eslint#disabling-rules
node.exe : Failed to compile.
At C:\Program Files\nodejs\npm.ps1:29 char:3
+   & $NODE_EXE $NPM_CLI_JS $args
+   ~~~~~~~~~~~~~~~~~~~~~~~~~~~~~
    + CategoryInfo          : NotSpecified: (Failed to compile.:String) [], 
    RemoteException
    + FullyQualifiedErrorId : NativeCommandError
 

./lib/services/usage-analytics.ts:634:7
Type error: Cannot find name 'new_users_7d'. Did you mean 'newUsers7d'?

[0m [90m 632 |[39m       inactive_users_count[33m:[39m [36mnew[39m 
[33mSet[39m(inactiveUsers[33m?[39m[33m.[39mmap(u [33m=>[39m 
u[33m.[39muser_id) [33m||[39m [])[33m.[39msize[33m,[39m[0m
[0m [90m 633 |[39m       churn_prediction_count[33m:[39m [36mnew[39m 
[33mSet[39m(churnPredicted[33m?[39m[33m.[39mmap(u [33m=>[39m 
u[33m.[39muser_id) [33m||[39m [])[33m.[39msize[33m,[39m[0m
[0m[31m[1m>[22m[39m[90m 634 |[39m       new_users_7d[33m,[39m[0m
[0m [90m     |[39m       [31m[1m^[22m[39m[0m
[0m [90m 635 |[39m       new_users_30d[33m,[39m[0m
[0m [90m 636 |[39m       user_growth_rate[33m:[39m 
[35m0[39m[33m,[39m [90m// TODO: Calculate growth rate[39m[0m
[0m [90m 637 |[39m     }[0m
Next.js build worker exited with code: 1 and signal: null
