
> truevow-cs-support-service@0.1.0 build
> next build

  Γû▓ Next.js 14.2.35
  - Environments: .env.local

   Creating an optimized production build ...
   Disabled SWC as replacement for Babel because of custom Babel configuration "babel.config.js" https://nextjs.org/docs/messages/swc-disabled
   Using external babel configuration from C:\Users\yasha\OneDrive\Documents\TrueVow\Cursor\TrueVow_Customer_Success_CORE_Service\babel.config.js
   Disabled SWC as replacement for Babel because of custom Babel configuration "babel.config.js" https://nextjs.org/docs/messages/swc-disabled
   Disabled SWC as replacement for Babel because of custom Babel configuration "babel.config.js" https://nextjs.org/docs/messages/swc-disabled
 Γ£ô Compiled successfully
   Linting and checking validity of types ...

./components/analytics/Dashboard.tsx
111:6  Warning: React Hook useEffect has a missing dependency: 'fetchMetrics'. Either include it or remove the dependency array.  react-hooks/exhaustive-deps

./components/command-palette/CommandPalette.tsx
143:6  Warning: React Hook useEffect has a missing dependency: 'handleCommandSelect'. Either include it or remove the dependency array.  react-hooks/exhaustive-deps

./components/cs-support/calls/CallHistoryDashboard.tsx
121:6  Warning: React Hook useEffect has missing dependencies: 'fetchCalls' and 'fetchStats'. Either include them or remove the dependency array.  react-hooks/exhaustive-deps

./components/cs-support/journey/CustomerJourneyTracking.tsx
84:6  Warning: React Hook useEffect has a missing dependency: 'fetchCustomerJourney'. Either include it or remove the dependency array.  react-hooks/exhaustive-deps

./components/cs-support/training/TrainingManagementDashboard.tsx
117:6  Warning: React Hook useEffect has a missing dependency: 'fetchTrainingData'. Either include it or remove the dependency array.  react-hooks/exhaustive-deps

./components/health/HealthScore.tsx
58:6  Warning: React Hook useEffect has a missing dependency: 'fetchHealthScore'. Either include it or remove the dependency array.  react-hooks/exhaustive-deps

info  - Need to disable some ESLint rules? Learn more here: https://nextjs.org/docs/basic-features/eslint#disabling-rules
node.exe : Failed to compile.
At C:\Program Files\nodejs\npm.ps1:29 char:3
+   & $NODE_EXE $NPM_CLI_JS $args
+   ~~~~~~~~~~~~~~~~~~~~~~~~~~~~~
    + CategoryInfo          : NotSpecified: (Failed to compile.:String) [], 
    RemoteException
    + FullyQualifiedErrorId : NativeCommandError
 

./lib/services/trend-analysis.ts:388:48
Type error: Property 'description' does not exist on type '{ ticket_id: 
string; tenant_id: string | null; customer_id: string | null; 
customer_email: string; customer_name: string | null; subject: string; 
message: string | null; channel: "call" | ... 4 more ... | "form"; ... 17 
more ...; metadata: Record<...>; }'.

[0m [90m 386 |[39m       [36mif[39m (ticketDate [33m<[39m start 
[33m||[39m ticketDate [33m>[39m end) [36mcontinue[39m[0m
[0m [90m 387 |[39m[0m
[0m[31m[1m>[22m[39m[90m 388 |[39m       [36mconst[39m text 
[33m=[39m [32m`${ticket.subject} ${ticket.description || 
''}`[39m[33m.[39mtoLowerCase()[0m
[0m [90m     |[39m                                                
[31m[1m^[22m[39m[0m
[0m [90m 389 |[39m[0m
[0m [90m 390 |[39m       [90m// Detect feedback type[39m[0m
[0m [90m 391 |[39m       [36mlet[39m feedbackType[33m:[39m 
[33mProductFeedback[39m[[32m'feedback_type'[39m] [33m=[39m 
[32m'question'[39m[0m
Next.js build worker exited with code: 1 and signal: null
